<?xml version="1.0" encoding="UTF-8"?>
<testsuite xmlns:xsi="http://www.w3.org/2001/XMLSchema-instance" xsi:noNamespaceSchemaLocation="https://maven.apache.org/surefire/maven-surefire-plugin/xsd/surefire-test-report-3.0.xsd" version="3.0" name="org.githubwuzupkev.TravelAgencyManagerApiApplicationTests" time="13.478" tests="1" errors="0" skipped="0" failures="0">
  <properties>
[...]
</properties>
  <testcase name="contextLoads" classname="org.githubwuzupkev.TravelAgencyManagerApiApplicationTests" time="0.922">
    <system-out><![CDATA[10:30:42.294 [main] INFO org.springframework.test.context.support.AnnotationConfigContextLoaderUtils -- Could not detect default configuration classes for test class [org.githubwuzupkev.TravelAgencyManagerApiApplicationTests]: TravelAgencyManagerApiApplicationTests does not declare any static, non-private, non-final, nested classes annotated with @Configuration.
10:30:42.560 [main] INFO org.springframework.boot.test.context.SpringBootTestContextBootstrapper -- Found @SpringBootConfiguration org.githubwuzupkev.TravelAgencyManagerApiApplication for test class org.githubwuzupkev.TravelAgencyManagerApiApplicationTests
10:30:43.061 [main] INFO org.springframework.boot.devtools.restart.RestartApplicationListener -- Restart disabled due to context in which it is running
  ,--.                                ,--.                                                           ,---.  ,------. ,--. 
,-'  '-.,--.--.,--,--.,--.  ,--.,---. |  |,-----.,--,--. ,---.  ,---. ,--,--, ,---.,--. ,--.,-----. /  O  \ |  .--. '|  | 
'-.  .-'|  .--' ,-.  | \  `'  /| .-. :|  |'-----' ,-.  || .-. || .-. :|      \ .--' \  '  / '-----'|  .-.  ||  '--' ||  | 
  |  |  |  |  \ '-'  |  \    / \   --.|  |      \ '-'  |' '-' '\   --.|  ||  \ `--.  \   '         |  | |  ||  | --' |  | 
  `--'  `--'   `--`--'   `--'   `----'`--'       `--`--'.`-  /  `----'`--''--'`---'.-'  /          `--' `--'`--'     `--' 
2024-08-11T10:30:43.640-05:00  INFO 160 --- [travel-agency-manager-API] [           main] g.TravelAgencyManagerApiApplicationTests : Starting TravelAgencyManagerApiApplicationTests using Java 22.0.2 with PID 160 (started by Kevin Chavarria in C:\Users\Kevin Chavarria\Documents\SpringProjects\travel-agency-manager-API)
2024-08-11T10:30:43.751-05:00  INFO 160 --- [travel-agency-manager-API] [           main] g.TravelAgencyManagerApiApplicationTests : No active profile set, falling back to 1 default profile: "default"
2024-08-11T10:30:45.503-05:00  INFO 160 --- [travel-agency-manager-API] [           main] .s.d.r.c.RepositoryConfigurationDelegate : Bootstrapping Spring Data JPA repositories in DEFAULT mode.
2024-08-11T10:30:45.658-05:00  INFO 160 --- [travel-agency-manager-API] [           main] .s.d.r.c.RepositoryConfigurationDelegate : Finished Spring Data repository scanning in 142 ms. Found 8 JPA repository interfaces.
2024-08-11T10:30:46.604-05:00  INFO 160 --- [travel-agency-manager-API] [           main] o.hibernate.jpa.internal.util.LogHelper  : HHH000204: Processing PersistenceUnitInfo [name: default]
2024-08-11T10:30:46.799-05:00  INFO 160 --- [travel-agency-manager-API] [           main] org.hibernate.Version                    : HHH000412: Hibernate ORM core version 6.5.2.Final
2024-08-11T10:30:46.890-05:00  INFO 160 --- [travel-agency-manager-API] [           main] o.h.c.internal.RegionFactoryInitiator    : HHH000026: Second-level cache disabled
2024-08-11T10:30:47.107-05:00 DEBUG 160 --- [travel-agency-manager-API] [           main] org.hibernate.type.BasicTypeRegistry     : Adding type registration boolean -> org.hibernate.type.BasicTypeReference@1578fa9
2024-08-11T10:30:47.107-05:00 DEBUG 160 --- [travel-agency-manager-API] [           main] org.hibernate.type.BasicTypeRegistry     : Adding type registration boolean -> org.hibernate.type.BasicTypeReference@1578fa9
2024-08-11T10:30:47.108-05:00 DEBUG 160 --- [travel-agency-manager-API] [           main] org.hibernate.type.BasicTypeRegistry     : Adding type registration java.lang.Boolean -> org.hibernate.type.BasicTypeReference@1578fa9
2024-08-11T10:30:47.109-05:00 DEBUG 160 --- [travel-agency-manager-API] [           main] org.hibernate.type.BasicTypeRegistry     : Adding type registration numeric_boolean -> org.hibernate.type.BasicTypeReference@414b2df5
2024-08-11T10:30:47.109-05:00 DEBUG 160 --- [travel-agency-manager-API] [           main] org.hibernate.type.BasicTypeRegistry     : Adding type registration org.hibernate.type.NumericBooleanConverter -> org.hibernate.type.BasicTypeReference@414b2df5
2024-08-11T10:30:47.110-05:00 DEBUG 160 --- [travel-agency-manager-API] [           main] org.hibernate.type.BasicTypeRegistry     : Adding type registration true_false -> org.hibernate.type.BasicTypeReference@9e30f9a
2024-08-11T10:30:47.110-05:00 DEBUG 160 --- [travel-agency-manager-API] [           main] org.hibernate.type.BasicTypeRegistry     : Adding type registration org.hibernate.type.TrueFalseConverter -> org.hibernate.type.BasicTypeReference@9e30f9a
2024-08-11T10:30:47.110-05:00 DEBUG 160 --- [travel-agency-manager-API] [           main] org.hibernate.type.BasicTypeRegistry     : Adding type registration yes_no -> org.hibernate.type.BasicTypeReference@1b30a54e
2024-08-11T10:30:47.110-05:00 DEBUG 160 --- [travel-agency-manager-API] [           main] org.hibernate.type.BasicTypeRegistry     : Adding type registration org.hibernate.type.YesNoConverter -> org.hibernate.type.BasicTypeReference@1b30a54e
2024-08-11T10:30:47.111-05:00 DEBUG 160 --- [travel-agency-manager-API] [           main] org.hibernate.type.BasicTypeRegistry     : Adding type registration byte -> org.hibernate.type.BasicTypeReference@26275b46
2024-08-11T10:30:47.111-05:00 DEBUG 160 --- [travel-agency-manager-API] [           main] org.hibernate.type.BasicTypeRegistry     : Adding type registration byte -> org.hibernate.type.BasicTypeReference@26275b46
2024-08-11T10:30:47.111-05:00 DEBUG 160 --- [travel-agency-manager-API] [           main] org.hibernate.type.BasicTypeRegistry     : Adding type registration java.lang.Byte -> org.hibernate.type.BasicTypeReference@26275b46
2024-08-11T10:30:47.111-05:00 DEBUG 160 --- [travel-agency-manager-API] [           main] org.hibernate.type.BasicTypeRegistry     : Adding type registration binary -> org.hibernate.type.BasicTypeReference@3e9beef2
2024-08-11T10:30:47.111-05:00 DEBUG 160 --- [travel-agency-manager-API] [           main] org.hibernate.type.BasicTypeRegistry     : Adding type registration byte[] -> org.hibernate.type.BasicTypeReference@3e9beef2
2024-08-11T10:30:47.112-05:00 DEBUG 160 --- [travel-agency-manager-API] [           main] org.hibernate.type.BasicTypeRegistry     : Adding type registration [B -> org.hibernate.type.BasicTypeReference@3e9beef2
2024-08-11T10:30:47.112-05:00 DEBUG 160 --- [travel-agency-manager-API] [           main] org.hibernate.type.BasicTypeRegistry     : Adding type registration binary_wrapper -> org.hibernate.type.BasicTypeReference@2f15a964
2024-08-11T10:30:47.112-05:00 DEBUG 160 --- [travel-agency-manager-API] [           main] org.hibernate.type.BasicTypeRegistry     : Adding type registration wrapper-binary -> org.hibernate.type.BasicTypeReference@2f15a964
2024-08-11T10:30:47.112-05:00 DEBUG 160 --- [travel-agency-manager-API] [           main] org.hibernate.type.BasicTypeRegistry     : Adding type registration image -> org.hibernate.type.BasicTypeReference@3111631d
2024-08-11T10:30:47.113-05:00 DEBUG 160 --- [travel-agency-manager-API] [           main] org.hibernate.type.BasicTypeRegistry     : Adding type registration blob -> org.hibernate.type.BasicTypeReference@2d70f312
2024-08-11T10:30:47.113-05:00 DEBUG 160 --- [travel-agency-manager-API] [           main] org.hibernate.type.BasicTypeRegistry     : Adding type registration java.sql.Blob -> org.hibernate.type.BasicTypeReference@2d70f312
2024-08-11T10:30:47.114-05:00 DEBUG 160 --- [travel-agency-manager-API] [           main] org.hibernate.type.BasicTypeRegistry     : Adding type registration materialized_blob -> org.hibernate.type.BasicTypeReference@4c7d7430
2024-08-11T10:30:47.114-05:00 DEBUG 160 --- [travel-agency-manager-API] [           main] org.hibernate.type.BasicTypeRegistry     : Adding type registration materialized_blob_wrapper -> org.hibernate.type.BasicTypeReference@4ea1aa52
2024-08-11T10:30:47.115-05:00 DEBUG 160 --- [travel-agency-manager-API] [           main] org.hibernate.type.BasicTypeRegistry     : Adding type registration short -> org.hibernate.type.BasicTypeReference@74123110
2024-08-11T10:30:47.116-05:00 DEBUG 160 --- [travel-agency-manager-API] [           main] org.hibernate.type.BasicTypeRegistry     : Adding type registration short -> org.hibernate.type.BasicTypeReference@74123110
2024-08-11T10:30:47.116-05:00 DEBUG 160 --- [travel-agency-manager-API] [           main] org.hibernate.type.BasicTypeRegistry     : Adding type registration java.lang.Short -> org.hibernate.type.BasicTypeReference@74123110
2024-08-11T10:30:47.117-05:00 DEBUG 160 --- [travel-agency-manager-API] [           main] org.hibernate.type.BasicTypeRegistry     : Adding type registration integer -> org.hibernate.type.BasicTypeReference@5ed0b4e3
2024-08-11T10:30:47.118-05:00 DEBUG 160 --- [travel-agency-manager-API] [           main] org.hibernate.type.BasicTypeRegistry     : Adding type registration int -> org.hibernate.type.BasicTypeReference@5ed0b4e3
2024-08-11T10:30:47.118-05:00 DEBUG 160 --- [travel-agency-manager-API] [           main] org.hibernate.type.BasicTypeRegistry     : Adding type registration java.lang.Integer -> org.hibernate.type.BasicTypeReference@5ed0b4e3
2024-08-11T10:30:47.119-05:00 DEBUG 160 --- [travel-agency-manager-API] [           main] org.hibernate.type.BasicTypeRegistry     : Adding type registration long -> org.hibernate.type.BasicTypeReference@79ab97fd
2024-08-11T10:30:47.119-05:00 DEBUG 160 --- [travel-agency-manager-API] [           main] org.hibernate.type.BasicTypeRegistry     : Adding type registration long -> org.hibernate.type.BasicTypeReference@79ab97fd
2024-08-11T10:30:47.119-05:00 DEBUG 160 --- [travel-agency-manager-API] [           main] org.hibernate.type.BasicTypeRegistry     : Adding type registration java.lang.Long -> org.hibernate.type.BasicTypeReference@79ab97fd
2024-08-11T10:30:47.120-05:00 DEBUG 160 --- [travel-agency-manager-API] [           main] org.hibernate.type.BasicTypeRegistry     : Adding type registration float -> org.hibernate.type.BasicTypeReference@3a9b41a0
2024-08-11T10:30:47.120-05:00 DEBUG 160 --- [travel-agency-manager-API] [           main] org.hibernate.type.BasicTypeRegistry     : Adding type registration float -> org.hibernate.type.BasicTypeReference@3a9b41a0
2024-08-11T10:30:47.120-05:00 DEBUG 160 --- [travel-agency-manager-API] [           main] org.hibernate.type.BasicTypeRegistry     : Adding type registration java.lang.Float -> org.hibernate.type.BasicTypeReference@3a9b41a0
2024-08-11T10:30:47.121-05:00 DEBUG 160 --- [travel-agency-manager-API] [           main] org.hibernate.type.BasicTypeRegistry     : Adding type registration double -> org.hibernate.type.BasicTypeReference@5fe46d52
2024-08-11T10:30:47.121-05:00 DEBUG 160 --- [travel-agency-manager-API] [           main] org.hibernate.type.BasicTypeRegistry     : Adding type registration double -> org.hibernate.type.BasicTypeReference@5fe46d52
2024-08-11T10:30:47.122-05:00 DEBUG 160 --- [travel-agency-manager-API] [           main] org.hibernate.type.BasicTypeRegistry     : Adding type registration java.lang.Double -> org.hibernate.type.BasicTypeReference@5fe46d52
2024-08-11T10:30:47.122-05:00 DEBUG 160 --- [travel-agency-manager-API] [           main] org.hibernate.type.BasicTypeRegistry     : Adding type registration big_integer -> org.hibernate.type.BasicTypeReference@448ade1
2024-08-11T10:30:47.122-05:00 DEBUG 160 --- [travel-agency-manager-API] [           main] org.hibernate.type.BasicTypeRegistry     : Adding type registration java.math.BigInteger -> org.hibernate.type.BasicTypeReference@448ade1
2024-08-11T10:30:47.123-05:00 DEBUG 160 --- [travel-agency-manager-API] [           main] org.hibernate.type.BasicTypeRegistry     : Adding type registration big_decimal -> org.hibernate.type.BasicTypeReference@21f9c6ea
2024-08-11T10:30:47.123-05:00 DEBUG 160 --- [travel-agency-manager-API] [           main] org.hibernate.type.BasicTypeRegistry     : Adding type registration java.math.BigDecimal -> org.hibernate.type.BasicTypeReference@21f9c6ea
2024-08-11T10:30:47.123-05:00 DEBUG 160 --- [travel-agency-manager-API] [           main] org.hibernate.type.BasicTypeRegistry     : Adding type registration character -> org.hibernate.type.BasicTypeReference@418f0534
2024-08-11T10:30:47.124-05:00 DEBUG 160 --- [travel-agency-manager-API] [           main] org.hibernate.type.BasicTypeRegistry     : Adding type registration char -> org.hibernate.type.BasicTypeReference@418f0534
2024-08-11T10:30:47.124-05:00 DEBUG 160 --- [travel-agency-manager-API] [           main] org.hibernate.type.BasicTypeRegistry     : Adding type registration java.lang.Character -> org.hibernate.type.BasicTypeReference@418f0534
2024-08-11T10:30:47.125-05:00 DEBUG 160 --- [travel-agency-manager-API] [           main] org.hibernate.type.BasicTypeRegistry     : Adding type registration character_nchar -> org.hibernate.type.BasicTypeReference@3dfd7eaa
2024-08-11T10:30:47.125-05:00 DEBUG 160 --- [travel-agency-manager-API] [           main] org.hibernate.type.BasicTypeRegistry     : Adding type registration string -> org.hibernate.type.BasicTypeReference@7c9beb51
2024-08-11T10:30:47.125-05:00 DEBUG 160 --- [travel-agency-manager-API] [           main] org.hibernate.type.BasicTypeRegistry     : Adding type registration java.lang.String -> org.hibernate.type.BasicTypeReference@7c9beb51
2024-08-11T10:30:47.126-05:00 DEBUG 160 --- [travel-agency-manager-API] [           main] org.hibernate.type.BasicTypeRegistry     : Adding type registration nstring -> org.hibernate.type.BasicTypeReference@133aacbe
2024-08-11T10:30:47.126-05:00 DEBUG 160 --- [travel-agency-manager-API] [           main] org.hibernate.type.BasicTypeRegistry     : Adding type registration characters -> org.hibernate.type.BasicTypeReference@2aa5bd48
2024-08-11T10:30:47.126-05:00 DEBUG 160 --- [travel-agency-manager-API] [           main] org.hibernate.type.BasicTypeRegistry     : Adding type registration char[] -> org.hibernate.type.BasicTypeReference@2aa5bd48
2024-08-11T10:30:47.126-05:00 DEBUG 160 --- [travel-agency-manager-API] [           main] org.hibernate.type.BasicTypeRegistry     : Adding type registration [C -> org.hibernate.type.BasicTypeReference@2aa5bd48
2024-08-11T10:30:47.127-05:00 DEBUG 160 --- [travel-agency-manager-API] [           main] org.hibernate.type.BasicTypeRegistry     : Adding type registration wrapper-characters -> org.hibernate.type.BasicTypeReference@7cfb8e98
2024-08-11T10:30:47.127-05:00 DEBUG 160 --- [travel-agency-manager-API] [           main] org.hibernate.type.BasicTypeRegistry     : Adding type registration text -> org.hibernate.type.BasicTypeReference@5f193335
2024-08-11T10:30:47.127-05:00 DEBUG 160 --- [travel-agency-manager-API] [           main] org.hibernate.type.BasicTypeRegistry     : Adding type registration ntext -> org.hibernate.type.BasicTypeReference@19002b34
2024-08-11T10:30:47.128-05:00 DEBUG 160 --- [travel-agency-manager-API] [           main] org.hibernate.type.BasicTypeRegistry     : Adding type registration clob -> org.hibernate.type.BasicTypeReference@1ec88aa1
2024-08-11T10:30:47.128-05:00 DEBUG 160 --- [travel-agency-manager-API] [           main] org.hibernate.type.BasicTypeRegistry     : Adding type registration java.sql.Clob -> org.hibernate.type.BasicTypeReference@1ec88aa1
2024-08-11T10:30:47.128-05:00 DEBUG 160 --- [travel-agency-manager-API] [           main] org.hibernate.type.BasicTypeRegistry     : Adding type registration nclob -> org.hibernate.type.BasicTypeReference@3e6748ae
2024-08-11T10:30:47.128-05:00 DEBUG 160 --- [travel-agency-manager-API] [           main] org.hibernate.type.BasicTypeRegistry     : Adding type registration java.sql.NClob -> org.hibernate.type.BasicTypeReference@3e6748ae
2024-08-11T10:30:47.130-05:00 DEBUG 160 --- [travel-agency-manager-API] [           main] org.hibernate.type.BasicTypeRegistry     : Adding type registration materialized_clob -> org.hibernate.type.BasicTypeReference@28f154cc
2024-08-11T10:30:47.130-05:00 DEBUG 160 --- [travel-agency-manager-API] [           main] org.hibernate.type.BasicTypeRegistry     : Adding type registration materialized_clob_char_array -> org.hibernate.type.BasicTypeReference@3030836d
2024-08-11T10:30:47.131-05:00 DEBUG 160 --- [travel-agency-manager-API] [           main] org.hibernate.type.BasicTypeRegistry     : Adding type registration materialized_clob_character_array -> org.hibernate.type.BasicTypeReference@6af78a48
2024-08-11T10:30:47.131-05:00 DEBUG 160 --- [travel-agency-manager-API] [           main] org.hibernate.type.BasicTypeRegistry     : Adding type registration materialized_nclob -> org.hibernate.type.BasicTypeReference@6ed18d80
2024-08-11T10:30:47.132-05:00 DEBUG 160 --- [travel-agency-manager-API] [           main] org.hibernate.type.BasicTypeRegistry     : Adding type registration materialized_nclob_character_array -> org.hibernate.type.BasicTypeReference@4c24f3a2
2024-08-11T10:30:47.132-05:00 DEBUG 160 --- [travel-agency-manager-API] [           main] org.hibernate.type.BasicTypeRegistry     : Adding type registration materialized_nclob_char_array -> org.hibernate.type.BasicTypeReference@783b3aa0
2024-08-11T10:30:47.133-05:00 DEBUG 160 --- [travel-agency-manager-API] [           main] org.hibernate.type.BasicTypeRegistry     : Adding type registration Duration -> org.hibernate.type.BasicTypeReference@2ec85a25
2024-08-11T10:30:47.133-05:00 DEBUG 160 --- [travel-agency-manager-API] [           main] org.hibernate.type.BasicTypeRegistry     : Adding type registration java.time.Duration -> org.hibernate.type.BasicTypeReference@2ec85a25
2024-08-11T10:30:47.134-05:00 DEBUG 160 --- [travel-agency-manager-API] [           main] org.hibernate.type.BasicTypeRegistry     : Adding type registration LocalDateTime -> org.hibernate.type.BasicTypeReference@4c176ff1
2024-08-11T10:30:47.134-05:00 DEBUG 160 --- [travel-agency-manager-API] [           main] org.hibernate.type.BasicTypeRegistry     : Adding type registration java.time.LocalDateTime -> org.hibernate.type.BasicTypeReference@4c176ff1
2024-08-11T10:30:47.134-05:00 DEBUG 160 --- [travel-agency-manager-API] [           main] org.hibernate.type.BasicTypeRegistry     : Adding type registration LocalDate -> org.hibernate.type.BasicTypeReference@27c53c32
2024-08-11T10:30:47.134-05:00 DEBUG 160 --- [travel-agency-manager-API] [           main] org.hibernate.type.BasicTypeRegistry     : Adding type registration java.time.LocalDate -> org.hibernate.type.BasicTypeReference@27c53c32
2024-08-11T10:30:47.135-05:00 DEBUG 160 --- [travel-agency-manager-API] [           main] org.hibernate.type.BasicTypeRegistry     : Adding type registration LocalTime -> org.hibernate.type.BasicTypeReference@68aec50
2024-08-11T10:30:47.135-05:00 DEBUG 160 --- [travel-agency-manager-API] [           main] org.hibernate.type.BasicTypeRegistry     : Adding type registration java.time.LocalTime -> org.hibernate.type.BasicTypeReference@68aec50
2024-08-11T10:30:47.135-05:00 DEBUG 160 --- [travel-agency-manager-API] [           main] org.hibernate.type.BasicTypeRegistry     : Adding type registration OffsetDateTime -> org.hibernate.type.BasicTypeReference@6aff97d6
2024-08-11T10:30:47.135-05:00 DEBUG 160 --- [travel-agency-manager-API] [           main] org.hibernate.type.BasicTypeRegistry     : Adding type registration java.time.OffsetDateTime -> org.hibernate.type.BasicTypeReference@6aff97d6
2024-08-11T10:30:47.136-05:00 DEBUG 160 --- [travel-agency-manager-API] [           main] org.hibernate.type.BasicTypeRegistry     : Adding type registration OffsetDateTimeWithTimezone -> org.hibernate.type.BasicTypeReference@1d60059f
2024-08-11T10:30:47.136-05:00 DEBUG 160 --- [travel-agency-manager-API] [           main] org.hibernate.type.BasicTypeRegistry     : Adding type registration OffsetDateTimeWithoutTimezone -> org.hibernate.type.BasicTypeReference@134a8ead
2024-08-11T10:30:47.136-05:00 DEBUG 160 --- [travel-agency-manager-API] [           main] org.hibernate.type.BasicTypeRegistry     : Adding type registration OffsetTime -> org.hibernate.type.BasicTypeReference@427308f8
2024-08-11T10:30:47.137-05:00 DEBUG 160 --- [travel-agency-manager-API] [           main] org.hibernate.type.BasicTypeRegistry     : Adding type registration java.time.OffsetTime -> org.hibernate.type.BasicTypeReference@427308f8
2024-08-11T10:30:47.137-05:00 DEBUG 160 --- [travel-agency-manager-API] [           main] org.hibernate.type.BasicTypeRegistry     : Adding type registration OffsetTimeUtc -> org.hibernate.type.BasicTypeReference@54247647
2024-08-11T10:30:47.137-05:00 DEBUG 160 --- [travel-agency-manager-API] [           main] org.hibernate.type.BasicTypeRegistry     : Adding type registration OffsetTimeWithTimezone -> org.hibernate.type.BasicTypeReference@4975dda1
2024-08-11T10:30:47.137-05:00 DEBUG 160 --- [travel-agency-manager-API] [           main] org.hibernate.type.BasicTypeRegistry     : Adding type registration OffsetTimeWithoutTimezone -> org.hibernate.type.BasicTypeReference@e0d1dc4
2024-08-11T10:30:47.138-05:00 DEBUG 160 --- [travel-agency-manager-API] [           main] org.hibernate.type.BasicTypeRegistry     : Adding type registration ZonedDateTime -> org.hibernate.type.BasicTypeReference@5463f035
2024-08-11T10:30:47.138-05:00 DEBUG 160 --- [travel-agency-manager-API] [           main] org.hibernate.type.BasicTypeRegistry     : Adding type registration java.time.ZonedDateTime -> org.hibernate.type.BasicTypeReference@5463f035
2024-08-11T10:30:47.138-05:00 DEBUG 160 --- [travel-agency-manager-API] [           main] org.hibernate.type.BasicTypeRegistry     : Adding type registration ZonedDateTimeWithTimezone -> org.hibernate.type.BasicTypeReference@230232b0
2024-08-11T10:30:47.138-05:00 DEBUG 160 --- [travel-agency-manager-API] [           main] org.hibernate.type.BasicTypeRegistry     : Adding type registration ZonedDateTimeWithoutTimezone -> org.hibernate.type.BasicTypeReference@44fd7ba4
2024-08-11T10:30:47.138-05:00 DEBUG 160 --- [travel-agency-manager-API] [           main] org.hibernate.type.BasicTypeRegistry     : Adding type registration date -> org.hibernate.type.BasicTypeReference@22f8adc2
2024-08-11T10:30:47.138-05:00 DEBUG 160 --- [travel-agency-manager-API] [           main] org.hibernate.type.BasicTypeRegistry     : Adding type registration java.sql.Date -> org.hibernate.type.BasicTypeReference@22f8adc2
2024-08-11T10:30:47.139-05:00 DEBUG 160 --- [travel-agency-manager-API] [           main] org.hibernate.type.BasicTypeRegistry     : Adding type registration time -> org.hibernate.type.BasicTypeReference@69d103f0
2024-08-11T10:30:47.139-05:00 DEBUG 160 --- [travel-agency-manager-API] [           main] org.hibernate.type.BasicTypeRegistry     : Adding type registration java.sql.Time -> org.hibernate.type.BasicTypeReference@69d103f0
2024-08-11T10:30:47.139-05:00 DEBUG 160 --- [travel-agency-manager-API] [           main] org.hibernate.type.BasicTypeRegistry     : Adding type registration timestamp -> org.hibernate.type.BasicTypeReference@5b742bc8
2024-08-11T10:30:47.139-05:00 DEBUG 160 --- [travel-agency-manager-API] [           main] org.hibernate.type.BasicTypeRegistry     : Adding type registration java.sql.Timestamp -> org.hibernate.type.BasicTypeReference@5b742bc8
2024-08-11T10:30:47.139-05:00 DEBUG 160 --- [travel-agency-manager-API] [           main] org.hibernate.type.BasicTypeRegistry     : Adding type registration java.util.Date -> org.hibernate.type.BasicTypeReference@5b742bc8
2024-08-11T10:30:47.139-05:00 DEBUG 160 --- [travel-agency-manager-API] [           main] org.hibernate.type.BasicTypeRegistry     : Adding type registration calendar -> org.hibernate.type.BasicTypeReference@74fb5b59
2024-08-11T10:30:47.139-05:00 DEBUG 160 --- [travel-agency-manager-API] [           main] org.hibernate.type.BasicTypeRegistry     : Adding type registration java.util.Calendar -> org.hibernate.type.BasicTypeReference@74fb5b59
2024-08-11T10:30:47.139-05:00 DEBUG 160 --- [travel-agency-manager-API] [           main] org.hibernate.type.BasicTypeRegistry     : Adding type registration java.util.GregorianCalendar -> org.hibernate.type.BasicTypeReference@74fb5b59
2024-08-11T10:30:47.139-05:00 DEBUG 160 --- [travel-agency-manager-API] [           main] org.hibernate.type.BasicTypeRegistry     : Adding type registration calendar_date -> org.hibernate.type.BasicTypeReference@130a6eb9
2024-08-11T10:30:47.141-05:00 DEBUG 160 --- [travel-agency-manager-API] [           main] org.hibernate.type.BasicTypeRegistry     : Adding type registration calendar_time -> org.hibernate.type.BasicTypeReference@722531ab
2024-08-11T10:30:47.141-05:00 DEBUG 160 --- [travel-agency-manager-API] [           main] org.hibernate.type.BasicTypeRegistry     : Adding type registration instant -> org.hibernate.type.BasicTypeReference@8f57e4c
2024-08-11T10:30:47.141-05:00 DEBUG 160 --- [travel-agency-manager-API] [           main] org.hibernate.type.BasicTypeRegistry     : Adding type registration java.time.Instant -> org.hibernate.type.BasicTypeReference@8f57e4c
2024-08-11T10:30:47.141-05:00 DEBUG 160 --- [travel-agency-manager-API] [           main] org.hibernate.type.BasicTypeRegistry     : Adding type registration uuid -> org.hibernate.type.BasicTypeReference@26fadd98
2024-08-11T10:30:47.141-05:00 DEBUG 160 --- [travel-agency-manager-API] [           main] org.hibernate.type.BasicTypeRegistry     : Adding type registration java.util.UUID -> org.hibernate.type.BasicTypeReference@26fadd98
2024-08-11T10:30:47.142-05:00 DEBUG 160 --- [travel-agency-manager-API] [           main] org.hibernate.type.BasicTypeRegistry     : Adding type registration pg-uuid -> org.hibernate.type.BasicTypeReference@26fadd98
2024-08-11T10:30:47.142-05:00 DEBUG 160 --- [travel-agency-manager-API] [           main] org.hibernate.type.BasicTypeRegistry     : Adding type registration uuid-binary -> org.hibernate.type.BasicTypeReference@66451058
2024-08-11T10:30:47.143-05:00 DEBUG 160 --- [travel-agency-manager-API] [           main] org.hibernate.type.BasicTypeRegistry     : Adding type registration uuid-char -> org.hibernate.type.BasicTypeReference@3db6dd52
2024-08-11T10:30:47.143-05:00 DEBUG 160 --- [travel-agency-manager-API] [           main] org.hibernate.type.BasicTypeRegistry     : Adding type registration class -> org.hibernate.type.BasicTypeReference@1e92c3b6
2024-08-11T10:30:47.143-05:00 DEBUG 160 --- [travel-agency-manager-API] [           main] org.hibernate.type.BasicTypeRegistry     : Adding type registration java.lang.Class -> org.hibernate.type.BasicTypeReference@1e92c3b6
2024-08-11T10:30:47.143-05:00 DEBUG 160 --- [travel-agency-manager-API] [           main] org.hibernate.type.BasicTypeRegistry     : Adding type registration currency -> org.hibernate.type.BasicTypeReference@6ef4cbe1
2024-08-11T10:30:47.144-05:00 DEBUG 160 --- [travel-agency-manager-API] [           main] org.hibernate.type.BasicTypeRegistry     : Adding type registration Currency -> org.hibernate.type.BasicTypeReference@6ef4cbe1
2024-08-11T10:30:47.144-05:00 DEBUG 160 --- [travel-agency-manager-API] [           main] org.hibernate.type.BasicTypeRegistry     : Adding type registration java.util.Currency -> org.hibernate.type.BasicTypeReference@6ef4cbe1
2024-08-11T10:30:47.144-05:00 DEBUG 160 --- [travel-agency-manager-API] [           main] org.hibernate.type.BasicTypeRegistry     : Adding type registration locale -> org.hibernate.type.BasicTypeReference@207dd1b7
2024-08-11T10:30:47.144-05:00 DEBUG 160 --- [travel-agency-manager-API] [           main] org.hibernate.type.BasicTypeRegistry     : Adding type registration java.util.Locale -> org.hibernate.type.BasicTypeReference@207dd1b7
2024-08-11T10:30:47.144-05:00 DEBUG 160 --- [travel-agency-manager-API] [           main] org.hibernate.type.BasicTypeRegistry     : Adding type registration serializable -> org.hibernate.type.BasicTypeReference@2baac4a7
2024-08-11T10:30:47.145-05:00 DEBUG 160 --- [travel-agency-manager-API] [           main] org.hibernate.type.BasicTypeRegistry     : Adding type registration java.io.Serializable -> org.hibernate.type.BasicTypeReference@2baac4a7
2024-08-11T10:30:47.145-05:00 DEBUG 160 --- [travel-agency-manager-API] [           main] org.hibernate.type.BasicTypeRegistry     : Adding type registration timezone -> org.hibernate.type.BasicTypeReference@23ad2d17
2024-08-11T10:30:47.145-05:00 DEBUG 160 --- [travel-agency-manager-API] [           main] org.hibernate.type.BasicTypeRegistry     : Adding type registration java.util.TimeZone -> org.hibernate.type.BasicTypeReference@23ad2d17
2024-08-11T10:30:47.145-05:00 DEBUG 160 --- [travel-agency-manager-API] [           main] org.hibernate.type.BasicTypeRegistry     : Adding type registration ZoneOffset -> org.hibernate.type.BasicTypeReference@6bce4140
2024-08-11T10:30:47.145-05:00 DEBUG 160 --- [travel-agency-manager-API] [           main] org.hibernate.type.BasicTypeRegistry     : Adding type registration java.time.ZoneOffset -> org.hibernate.type.BasicTypeReference@6bce4140
2024-08-11T10:30:47.146-05:00 DEBUG 160 --- [travel-agency-manager-API] [           main] org.hibernate.type.BasicTypeRegistry     : Adding type registration url -> org.hibernate.type.BasicTypeReference@25f0c5e7
2024-08-11T10:30:47.146-05:00 DEBUG 160 --- [travel-agency-manager-API] [           main] org.hibernate.type.BasicTypeRegistry     : Adding type registration java.net.URL -> org.hibernate.type.BasicTypeReference@25f0c5e7
2024-08-11T10:30:47.146-05:00 DEBUG 160 --- [travel-agency-manager-API] [           main] org.hibernate.type.BasicTypeRegistry     : Adding type registration vector -> org.hibernate.type.BasicTypeReference@5882b202
2024-08-11T10:30:47.146-05:00 DEBUG 160 --- [travel-agency-manager-API] [           main] org.hibernate.type.BasicTypeRegistry     : Adding type registration row_version -> org.hibernate.type.BasicTypeReference@120df990
2024-08-11T10:30:47.156-05:00 DEBUG 160 --- [travel-agency-manager-API] [           main] org.hibernate.type.BasicTypeRegistry     : Adding type registration object -> org.hibernate.type.JavaObjectType@440ef8d
2024-08-11T10:30:47.156-05:00 DEBUG 160 --- [travel-agency-manager-API] [           main] org.hibernate.type.BasicTypeRegistry     : Adding type registration java.lang.Object -> org.hibernate.type.JavaObjectType@440ef8d
2024-08-11T10:30:47.158-05:00 DEBUG 160 --- [travel-agency-manager-API] [           main] org.hibernate.type.BasicTypeRegistry     : Adding type registration null -> org.hibernate.type.NullType@4ae8fb2a
2024-08-11T10:30:47.159-05:00 DEBUG 160 --- [travel-agency-manager-API] [           main] org.hibernate.type.BasicTypeRegistry     : Adding type registration imm_date -> org.hibernate.type.BasicTypeReference@54326e9
2024-08-11T10:30:47.160-05:00 DEBUG 160 --- [travel-agency-manager-API] [           main] org.hibernate.type.BasicTypeRegistry     : Adding type registration imm_time -> org.hibernate.type.BasicTypeReference@2b441e56
2024-08-11T10:30:47.160-05:00 DEBUG 160 --- [travel-agency-manager-API] [           main] org.hibernate.type.BasicTypeRegistry     : Adding type registration imm_timestamp -> org.hibernate.type.BasicTypeReference@267891bf
2024-08-11T10:30:47.160-05:00 DEBUG 160 --- [travel-agency-manager-API] [           main] org.hibernate.type.BasicTypeRegistry     : Adding type registration imm_calendar -> org.hibernate.type.BasicTypeReference@3a109ff7
2024-08-11T10:30:47.160-05:00 DEBUG 160 --- [travel-agency-manager-API] [           main] org.hibernate.type.BasicTypeRegistry     : Adding type registration imm_calendar_date -> org.hibernate.type.BasicTypeReference@111a7973
2024-08-11T10:30:47.160-05:00 DEBUG 160 --- [travel-agency-manager-API] [           main] org.hibernate.type.BasicTypeRegistry     : Adding type registration imm_calendar_time -> org.hibernate.type.BasicTypeReference@1a2773a8
2024-08-11T10:30:47.160-05:00 DEBUG 160 --- [travel-agency-manager-API] [           main] org.hibernate.type.BasicTypeRegistry     : Adding type registration imm_binary -> org.hibernate.type.BasicTypeReference@78b0ec3a
2024-08-11T10:30:47.160-05:00 DEBUG 160 --- [travel-agency-manager-API] [           main] org.hibernate.type.BasicTypeRegistry     : Adding type registration imm_serializable -> org.hibernate.type.BasicTypeReference@46612bfc
2024-08-11T10:30:47.809-05:00  INFO 160 --- [travel-agency-manager-API] [           main] o.s.o.j.p.SpringPersistenceUnitInfo      : No LoadTimeWeaver setup: ignoring JPA class transformer
2024-08-11T10:30:47.880-05:00  INFO 160 --- [travel-agency-manager-API] [           main] com.zaxxer.hikari.HikariDataSource       : HikariPool-1 - Starting...
2024-08-11T10:30:48.296-05:00  INFO 160 --- [travel-agency-manager-API] [           main] com.zaxxer.hikari.pool.HikariPool        : HikariPool-1 - Added connection org.postgresql.jdbc.PgConnection@605eb072
2024-08-11T10:30:48.299-05:00  INFO 160 --- [travel-agency-manager-API] [           main] com.zaxxer.hikari.HikariDataSource       : HikariPool-1 - Start completed.
2024-08-11T10:30:48.386-05:00  WARN 160 --- [travel-agency-manager-API] [           main] org.hibernate.orm.deprecation            : HHH90000025: PostgreSQLDialect does not need to be specified explicitly using 'hibernate.dialect' (remove the property setting and it will be selected by default)
2024-08-11T10:30:48.440-05:00 DEBUG 160 --- [travel-agency-manager-API] [           main] o.h.t.d.sql.spi.DdlTypeRegistry          : addDescriptor(2003, org.hibernate.type.descriptor.sql.internal.ArrayDdlTypeImpl@2bcb1414) replaced previous registration(org.hibernate.type.descriptor.sql.internal.ArrayDdlTypeImpl@aee05f4)
2024-08-11T10:30:48.440-05:00 DEBUG 160 --- [travel-agency-manager-API] [           main] o.h.t.d.sql.spi.DdlTypeRegistry          : addDescriptor(6, org.hibernate.type.descriptor.sql.internal.CapacityDependentDdlType@2b4829aa) replaced previous registration(org.hibernate.type.descriptor.sql.internal.DdlTypeImpl@794d28a3)
2024-08-11T10:30:48.445-05:00 DEBUG 160 --- [travel-agency-manager-API] [           main] o.h.t.d.jdbc.spi.JdbcTypeRegistry        : addDescriptor(2004, BlobTypeDescriptor(BLOB_BINDING)) replaced previous registration(BlobTypeDescriptor(DEFAULT))
2024-08-11T10:30:48.445-05:00 DEBUG 160 --- [travel-agency-manager-API] [           main] o.h.t.d.jdbc.spi.JdbcTypeRegistry        : addDescriptor(2005, ClobTypeDescriptor(CLOB_BINDING)) replaced previous registration(ClobTypeDescriptor(DEFAULT))
2024-08-11T10:30:48.461-05:00 DEBUG 160 --- [travel-agency-manager-API] [           main] org.hibernate.type.BasicTypeRegistry     : Adding type registration JAVA_OBJECT -> org.hibernate.type.JavaObjectType@df9d400
2024-08-11T10:30:48.461-05:00 DEBUG 160 --- [travel-agency-manager-API] [           main] org.hibernate.type.BasicTypeRegistry     : Adding type registration java.lang.Object -> org.hibernate.type.JavaObjectType@df9d400
2024-08-11T10:30:48.461-05:00 DEBUG 160 --- [travel-agency-manager-API] [           main] org.hibernate.type.BasicTypeRegistry     : Type registration key [java.lang.Object] overrode previous entry : `org.hibernate.type.JavaObjectType@440ef8d`
2024-08-11T10:30:48.472-05:00 DEBUG 160 --- [travel-agency-manager-API] [           main] org.hibernate.type.BasicTypeRegistry     : Adding type registration org.hibernate.type.DurationType -> basicType@1(java.time.Duration,3015)
2024-08-11T10:30:48.472-05:00 DEBUG 160 --- [travel-agency-manager-API] [           main] org.hibernate.type.BasicTypeRegistry     : Adding type registration Duration -> basicType@1(java.time.Duration,3015)
2024-08-11T10:30:48.472-05:00 DEBUG 160 --- [travel-agency-manager-API] [           main] org.hibernate.type.BasicTypeRegistry     : Adding type registration java.time.Duration -> basicType@1(java.time.Duration,3015)
2024-08-11T10:30:48.479-05:00 DEBUG 160 --- [travel-agency-manager-API] [           main] org.hibernate.type.BasicTypeRegistry     : Adding type registration org.hibernate.type.OffsetDateTimeType -> basicType@2(java.time.OffsetDateTime,3003)
2024-08-11T10:30:48.479-05:00 DEBUG 160 --- [travel-agency-manager-API] [           main] org.hibernate.type.BasicTypeRegistry     : Adding type registration OffsetDateTime -> basicType@2(java.time.OffsetDateTime,3003)
2024-08-11T10:30:48.480-05:00 DEBUG 160 --- [travel-agency-manager-API] [           main] org.hibernate.type.BasicTypeRegistry     : Adding type registration java.time.OffsetDateTime -> basicType@2(java.time.OffsetDateTime,3003)
2024-08-11T10:30:48.480-05:00 DEBUG 160 --- [travel-agency-manager-API] [           main] org.hibernate.type.BasicTypeRegistry     : Adding type registration org.hibernate.type.ZonedDateTimeType -> basicType@3(java.time.ZonedDateTime,3003)
2024-08-11T10:30:48.480-05:00 DEBUG 160 --- [travel-agency-manager-API] [           main] org.hibernate.type.BasicTypeRegistry     : Adding type registration ZonedDateTime -> basicType@3(java.time.ZonedDateTime,3003)
2024-08-11T10:30:48.480-05:00 DEBUG 160 --- [travel-agency-manager-API] [           main] org.hibernate.type.BasicTypeRegistry     : Adding type registration java.time.ZonedDateTime -> basicType@3(java.time.ZonedDateTime,3003)
2024-08-11T10:30:48.481-05:00 DEBUG 160 --- [travel-agency-manager-API] [           main] org.hibernate.type.BasicTypeRegistry     : Adding type registration org.hibernate.type.OffsetTimeType -> basicType@4(java.time.OffsetTime,3007)
2024-08-11T10:30:48.481-05:00 DEBUG 160 --- [travel-agency-manager-API] [           main] org.hibernate.type.BasicTypeRegistry     : Adding type registration OffsetTime -> basicType@4(java.time.OffsetTime,3007)
2024-08-11T10:30:48.481-05:00 DEBUG 160 --- [travel-agency-manager-API] [           main] org.hibernate.type.BasicTypeRegistry     : Adding type registration java.time.OffsetTime -> basicType@4(java.time.OffsetTime,3007)
2024-08-11T10:30:48.484-05:00 DEBUG 160 --- [travel-agency-manager-API] [           main] o.h.type.spi.TypeConfiguration$Scope     : Scoping TypeConfiguration [org.hibernate.type.spi.TypeConfiguration@60a6840c] to MetadataBuildingContext [org.hibernate.boot.internal.MetadataBuildingContextRootImpl@53525379]
2024-08-11T10:30:50.466-05:00  INFO 160 --- [travel-agency-manager-API] [           main] o.h.e.t.j.p.i.JtaPlatformInitiator       : HHH000489: No JTA platform available (set 'hibernate.transaction.jta.platform' to enable JTA platform integration)
2024-08-11T10:30:50.467-05:00 DEBUG 160 --- [travel-agency-manager-API] [           main] o.h.type.spi.TypeConfiguration$Scope     : Scoping TypeConfiguration [org.hibernate.type.spi.TypeConfiguration@60a6840c] to SessionFactoryImplementor [org.hibernate.internal.SessionFactoryImpl@68dbe225]
2024-08-11T10:30:50.796-05:00 TRACE 160 --- [travel-agency-manager-API] [           main] o.h.type.spi.TypeConfiguration$Scope     : Handling #sessionFactoryCreated from [org.hibernate.internal.SessionFactoryImpl@68dbe225] for TypeConfiguration
2024-08-11T10:30:50.797-05:00  INFO 160 --- [travel-agency-manager-API] [           main] j.LocalContainerEntityManagerFactoryBean : Initialized JPA EntityManagerFactory for persistence unit 'default'
2024-08-11T10:30:52.301-05:00  WARN 160 --- [travel-agency-manager-API] [           main] JpaBaseConfiguration$JpaWebConfiguration : spring.jpa.open-in-view is enabled by default. Therefore, database queries may be performed during view rendering. Explicitly configure spring.jpa.open-in-view to disable this warning
2024-08-11T10:30:52.367-05:00  INFO 160 --- [travel-agency-manager-API] [           main] eAuthenticationProviderManagerConfigurer : Global AuthenticationManager configured with AuthenticationProvider bean with name authenticationProvider
2024-08-11T10:30:52.369-05:00  WARN 160 --- [travel-agency-manager-API] [           main] r$InitializeUserDetailsManagerConfigurer : Global AuthenticationManager configured with an AuthenticationProvider bean. UserDetailsService beans will not be used for username/password login. Consider removing the AuthenticationProvider bean. Alternatively, consider using the UserDetailsService in a manually instantiated DaoAuthenticationProvider.
2024-08-11T10:30:53.404-05:00  WARN 160 --- [travel-agency-manager-API] [           main] o.s.s.c.a.web.builders.WebSecurity       : You are asking Spring Security to ignore Deferred [Mvc [pattern='/swagger-ui/**'], Ant [pattern='/swagger-ui/**']]. This is not recommended -- please use permitAll via HttpSecurity#authorizeHttpRequests instead.
2024-08-11T10:30:53.405-05:00  WARN 160 --- [travel-agency-manager-API] [           main] o.s.s.c.a.web.builders.WebSecurity       : You are asking Spring Security to ignore Deferred [Mvc [pattern='/v3/api-docs/**'], Ant [pattern='/v3/api-docs/**']]. This is not recommended -- please use permitAll via HttpSecurity#authorizeHttpRequests instead.
2024-08-11T10:30:54.352-05:00  INFO 160 --- [travel-agency-manager-API] [           main] g.TravelAgencyManagerApiApplicationTests : Started TravelAgencyManagerApiApplicationTests in 11.325 seconds (process running for 13.754)
]]></system-out>
    <system-err><![CDATA[WARNING: A Java agent has been loaded dynamically (C:\Users\Kevin Chavarria\.m2\repository\net\bytebuddy\byte-buddy-agent\1.14.17\byte-buddy-agent-1.14.17.jar)
WARNING: If a serviceability tool is in use, please run with -XX:+EnableDynamicAgentLoading to hide this warning
WARNING: If a serviceability tool is not in use, please run with -Djdk.instrument.traceUsage for more information
WARNING: Dynamic loading of agents will be disallowed by default in a future release
]]></system-err>
  </testcase>
</testsuite>